{"name":"Log","hostname":"fe59dd1e4da1","pid":1,"level":30,"msg":"Ghost is running in production...","time":"2021-03-17T13:04:30.805Z","v":0}
{"name":"Log","hostname":"fe59dd1e4da1","pid":1,"level":30,"msg":"Your site is now available on http://localhost:60000/","time":"2021-03-17T13:04:30.805Z","v":0}
{"name":"Log","hostname":"fe59dd1e4da1","pid":1,"level":30,"msg":"Ctrl+C to shut down","time":"2021-03-17T13:04:30.806Z","v":0}
{"name":"Log","hostname":"fe59dd1e4da1","pid":1,"level":30,"msg":"Ghost server started in 0.273s","time":"2021-03-17T13:04:30.807Z","v":0}
{"name":"Log","hostname":"fe59dd1e4da1","pid":1,"level":40,"msg":"Database state requires initialisation.","time":"2021-03-17T13:04:30.912Z","v":0}
{"name":"Log","hostname":"fe59dd1e4da1","pid":1,"level":30,"msg":"Creating table: posts","time":"2021-03-17T13:04:31.073Z","v":0}
{"name":"Log","hostname":"fe59dd1e4da1","pid":1,"level":30,"msg":"Creating table: posts_meta","time":"2021-03-17T13:04:31.093Z","v":0}
{"name":"Log","hostname":"fe59dd1e4da1","pid":1,"level":30,"msg":"Creating table: users","time":"2021-03-17T13:04:31.110Z","v":0}
{"name":"Log","hostname":"fe59dd1e4da1","pid":1,"level":30,"msg":"Creating table: posts_authors","time":"2021-03-17T13:04:31.134Z","v":0}
{"name":"Log","hostname":"fe59dd1e4da1","pid":1,"level":30,"msg":"Creating table: roles","time":"2021-03-17T13:04:31.144Z","v":0}
{"name":"Log","hostname":"fe59dd1e4da1","pid":1,"level":30,"msg":"Creating table: roles_users","time":"2021-03-17T13:04:31.164Z","v":0}
{"name":"Log","hostname":"fe59dd1e4da1","pid":1,"level":30,"msg":"Creating table: permissions","time":"2021-03-17T13:04:31.172Z","v":0}
{"name":"Log","hostname":"fe59dd1e4da1","pid":1,"level":30,"msg":"Creating table: permissions_users","time":"2021-03-17T13:04:31.188Z","v":0}
{"name":"Log","hostname":"fe59dd1e4da1","pid":1,"level":30,"msg":"Creating table: permissions_roles","time":"2021-03-17T13:04:31.197Z","v":0}
{"name":"Log","hostname":"fe59dd1e4da1","pid":1,"level":30,"msg":"Creating table: settings","time":"2021-03-17T13:04:31.206Z","v":0}
{"name":"Log","hostname":"fe59dd1e4da1","pid":1,"level":30,"msg":"Creating table: tags","time":"2021-03-17T13:04:31.222Z","v":0}
{"name":"Log","hostname":"fe59dd1e4da1","pid":1,"level":30,"msg":"Creating table: posts_tags","time":"2021-03-17T13:04:31.238Z","v":0}
{"name":"Log","hostname":"fe59dd1e4da1","pid":1,"level":30,"msg":"Creating table: invites","time":"2021-03-17T13:04:31.248Z","v":0}
{"name":"Log","hostname":"fe59dd1e4da1","pid":1,"level":30,"msg":"Creating table: brute","time":"2021-03-17T13:04:31.272Z","v":0}
{"name":"Log","hostname":"fe59dd1e4da1","pid":1,"level":30,"msg":"Creating table: sessions","time":"2021-03-17T13:04:31.280Z","v":0}
{"name":"Log","hostname":"fe59dd1e4da1","pid":1,"level":30,"msg":"Creating table: integrations","time":"2021-03-17T13:04:31.295Z","v":0}
{"name":"Log","hostname":"fe59dd1e4da1","pid":1,"level":30,"msg":"Creating table: webhooks","time":"2021-03-17T13:04:31.311Z","v":0}
{"name":"Log","hostname":"fe59dd1e4da1","pid":1,"level":30,"msg":"Creating table: api_keys","time":"2021-03-17T13:04:31.321Z","v":0}
{"name":"Log","hostname":"fe59dd1e4da1","pid":1,"level":30,"msg":"Creating table: mobiledoc_revisions","time":"2021-03-17T13:04:31.336Z","v":0}
{"name":"Log","hostname":"fe59dd1e4da1","pid":1,"level":30,"msg":"Creating table: members","time":"2021-03-17T13:04:31.353Z","v":0}
{"name":"Log","hostname":"fe59dd1e4da1","pid":1,"level":30,"msg":"Creating table: members_payment_events","time":"2021-03-17T13:04:31.385Z","v":0}
{"name":"Log","hostname":"fe59dd1e4da1","pid":1,"level":30,"msg":"Creating table: members_login_events","time":"2021-03-17T13:04:31.393Z","v":0}
{"name":"Log","hostname":"fe59dd1e4da1","pid":1,"level":30,"msg":"Creating table: members_email_change_events","time":"2021-03-17T13:04:31.401Z","v":0}
{"name":"Log","hostname":"fe59dd1e4da1","pid":1,"level":30,"msg":"Creating table: members_status_events","time":"2021-03-17T13:04:31.410Z","v":0}
{"name":"Log","hostname":"fe59dd1e4da1","pid":1,"level":30,"msg":"Creating table: members_paid_subscription_events","time":"2021-03-17T13:04:31.419Z","v":0}
{"name":"Log","hostname":"fe59dd1e4da1","pid":1,"level":30,"msg":"Creating table: labels","time":"2021-03-17T13:04:31.430Z","v":0}
{"name":"Log","hostname":"fe59dd1e4da1","pid":1,"level":30,"msg":"Creating table: members_labels","time":"2021-03-17T13:04:31.451Z","v":0}
{"name":"Log","hostname":"fe59dd1e4da1","pid":1,"level":30,"msg":"Creating table: members_stripe_customers","time":"2021-03-17T13:04:31.462Z","v":0}
{"name":"Log","hostname":"fe59dd1e4da1","pid":1,"level":30,"msg":"Creating table: members_stripe_customers_subscriptions","time":"2021-03-17T13:04:31.478Z","v":0}
{"name":"Log","hostname":"fe59dd1e4da1","pid":1,"level":30,"msg":"Creating table: members_subscribe_events","time":"2021-03-17T13:04:31.496Z","v":0}
{"name":"Log","hostname":"fe59dd1e4da1","pid":1,"level":30,"msg":"Creating table: actions","time":"2021-03-17T13:04:31.505Z","v":0}
{"name":"Log","hostname":"fe59dd1e4da1","pid":1,"level":30,"msg":"Creating table: emails","time":"2021-03-17T13:04:31.514Z","v":0}
{"name":"Log","hostname":"fe59dd1e4da1","pid":1,"level":30,"msg":"Creating table: email_batches","time":"2021-03-17T13:04:31.540Z","v":0}
{"name":"Log","hostname":"fe59dd1e4da1","pid":1,"level":30,"msg":"Creating table: email_recipients","time":"2021-03-17T13:04:31.548Z","v":0}
{"name":"Log","hostname":"fe59dd1e4da1","pid":1,"level":30,"msg":"Creating table: tokens","time":"2021-03-17T13:04:31.592Z","v":0}
{"name":"Log","hostname":"fe59dd1e4da1","pid":1,"level":30,"msg":"Creating table: snippets","time":"2021-03-17T13:04:31.607Z","v":0}
{"name":"Log","hostname":"fe59dd1e4da1","pid":1,"level":30,"msg":"Model: Tag","time":"2021-03-17T13:04:31.632Z","v":0}
{"name":"Log","hostname":"fe59dd1e4da1","pid":1,"level":30,"msg":"Model: Role","time":"2021-03-17T13:04:31.651Z","v":0}
{"name":"Log","hostname":"fe59dd1e4da1","pid":1,"level":30,"msg":"Model: Permission","time":"2021-03-17T13:04:31.665Z","v":0}
{"name":"Log","hostname":"fe59dd1e4da1","pid":1,"level":30,"msg":"Model: User","time":"2021-03-17T13:04:31.754Z","v":0}
{"name":"Log","hostname":"fe59dd1e4da1","pid":1,"level":30,"msg":"Model: Post","time":"2021-03-17T13:04:32.165Z","v":0}
{"name":"Log","hostname":"fe59dd1e4da1","pid":1,"level":30,"msg":"Model: Integration","time":"2021-03-17T13:04:32.293Z","v":0}
{"name":"Log","hostname":"fe59dd1e4da1","pid":1,"level":30,"msg":"Relation: Role to Permission","time":"2021-03-17T13:04:32.317Z","v":0}
{"name":"Log","hostname":"fe59dd1e4da1","pid":1,"level":30,"msg":"Relation: Post to Tag","time":"2021-03-17T13:04:32.432Z","v":0}
{"name":"Log","hostname":"fe59dd1e4da1","pid":1,"level":30,"msg":"Relation: User to Role","time":"2021-03-17T13:04:32.446Z","v":0}
{"name":"Log","hostname":"fe59dd1e4da1","pid":1,"level":30,"msg":"Database is in a ready state.","time":"2021-03-17T13:04:32.651Z","v":0}
{"name":"Log","hostname":"fe59dd1e4da1","pid":1,"level":30,"msg":"Ghost database ready in 2.117s","time":"2021-03-17T13:04:32.651Z","v":0}
{"name":"Log","hostname":"fe59dd1e4da1","pid":1,"level":30,"msg":"Ghost booted in 3.56s","time":"2021-03-17T13:04:34.094Z","v":0}
{"name":"Log","hostname":"fe59dd1e4da1","pid":1,"level":50,"err":{"id":"5a40aa70-8721-11eb-9436-335b09229d57","domain":"http://localhost:60000","code":"IMAGE_SIZE_URL","name":"InternalServerError","statusCode":500,"level":"critical","message":"Unknown Request error.","context":"\"http://localhost:60000/favicon.ico\"","stack":"InternalServerError: Unknown Request error.\n    at new InternalServerError (/var/lib/ghost/versions/4.0.1/node_modules/@tryghost/errors/node_modules/ghost-ignition/lib/errors/index.js:90:23)\n    at /var/lib/ghost/versions/4.0.1/core/server/lib/image/image-size.js:179:35\n    at tryCatcher (/var/lib/ghost/versions/4.0.1/node_modules/bluebird/js/release/util.js:16:23)\n    at Promise._settlePromiseFromHandler (/var/lib/ghost/versions/4.0.1/node_modules/bluebird/js/release/promise.js:547:31)\n    at Promise._settlePromise (/var/lib/ghost/versions/4.0.1/node_modules/bluebird/js/release/promise.js:604:18)\n    at Promise._settlePromise0 (/var/lib/ghost/versions/4.0.1/node_modules/bluebird/js/release/promise.js:649:10)\n    at Promise._settlePromises (/var/lib/ghost/versions/4.0.1/node_modules/bluebird/js/release/promise.js:725:18)\n    at _drainQueueStep (/var/lib/ghost/versions/4.0.1/node_modules/bluebird/js/release/async.js:93:12)\n    at _drainQueue (/var/lib/ghost/versions/4.0.1/node_modules/bluebird/js/release/async.js:86:9)\n    at Async._drainQueues (/var/lib/ghost/versions/4.0.1/node_modules/bluebird/js/release/async.js:102:5)\n    at Immediate.Async.drainQueues [as _onImmediate] (/var/lib/ghost/versions/4.0.1/node_modules/bluebird/js/release/async.js:15:14)\n    at processImmediate (internal/timers.js:461:21)\n\nRequestError: connect ECONNREFUSED 127.0.0.1:60000\n    at ClientRequest.<anonymous> (/var/lib/ghost/versions/4.0.1/node_modules/got/source/request-as-event-emitter.js:178:14)\n    at Object.onceWrapper (events.js:421:26)\n    at ClientRequest.emit (events.js:326:22)\n    at ClientRequest.EventEmitter.emit (domain.js:483:12)\n    at ClientRequest.origin.emit (/var/lib/ghost/versions/4.0.1/node_modules/@szmarczak/http-timer/source/index.js:37:11)\n    at Socket.socketErrorListener (_http_client.js:427:9)\n    at Socket.emit (events.js:314:20)\n    at Socket.EventEmitter.emit (domain.js:483:12)\n    at emitErrorNT (internal/streams/destroy.js:92:8)\n    at emitErrorAndCloseNT (internal/streams/destroy.js:60:3)\n    at processTicksAndRejections (internal/process/task_queues.js:84:21)"},"msg":"Unknown Request error.","time":"2021-03-17T13:04:48.284Z","v":0}
{"name":"Log","hostname":"fe59dd1e4da1","pid":1,"level":30,"req":{"meta":{"requestId":"318f15ee-25f9-464b-a9a9-bc0f87a16703","userId":null},"url":"/","method":"GET","originalUrl":"/","params":{},"headers":{"host":"localhost:60000","upgrade-insecure-requests":"1","accept":"text/html,application/xhtml+xml,application/xml;q=0.9,*/*;q=0.8","user-agent":"Mozilla/5.0 (Macintosh; Intel Mac OS X 10_15_6) AppleWebKit/605.1.15 (KHTML, like Gecko) Version/14.0.2 Safari/605.1.15","accept-language":"ko-kr","accept-encoding":"gzip, deflate","connection":"keep-alive"},"query":{}},"res":{"_headers":{"x-powered-by":"Express","cache-control":"public, max-age=0","content-type":"text/html; charset=utf-8","etag":"W/\"5a12-XKiEOTVZX7oOcZlmQZAy7wm9Xbs\"","vary":"Accept-Encoding","content-encoding":"gzip"},"statusCode":200,"responseTime":"2095ms"},"msg":"","time":"2021-03-17T13:04:50.211Z","v":0}
{"name":"Log","hostname":"fe59dd1e4da1","pid":1,"level":30,"req":{"meta":{"requestId":"d88d1eb4-c213-4dc4-8767-15e164413302","userId":null},"url":"/assets/built/screen.css?v=7619177034","method":"GET","originalUrl":"/assets/built/screen.css?v=7619177034","params":{},"headers":{"host":"localhost:60000","connection":"keep-alive","accept":"text/css,*/*;q=0.1","user-agent":"Mozilla/5.0 (Macintosh; Intel Mac OS X 10_15_6) AppleWebKit/605.1.15 (KHTML, like Gecko) Version/14.0.2 Safari/605.1.15","accept-language":"ko-kr","referer":"http://localhost:60000/","accept-encoding":"gzip, deflate"},"query":{"v":"7619177034"}},"res":{"_headers":{"x-powered-by":"Express","accept-ranges":"bytes","cache-control":"public, max-age=31536000","last-modified":"Sat, 26 Oct 1985 08:15:00 GMT","etag":"W/\"6fef-7438674ba0\"","content-type":"text/css; charset=UTF-8","vary":"Accept-Encoding","content-encoding":"gzip"},"statusCode":200,"responseTime":"10ms"},"msg":"","time":"2021-03-17T13:04:50.229Z","v":0}
{"name":"Log","hostname":"fe59dd1e4da1","pid":1,"level":30,"req":{"meta":{"requestId":"874ebe9e-db8b-41bd-bfdb-e725d1665ead","userId":null},"url":"/assets/built/casper.js?v=7619177034","method":"GET","originalUrl":"/assets/built/casper.js?v=7619177034","params":{},"headers":{"host":"localhost:60000","connection":"keep-alive","accept":"*/*","user-agent":"Mozilla/5.0 (Macintosh; Intel Mac OS X 10_15_6) AppleWebKit/605.1.15 (KHTML, like Gecko) Version/14.0.2 Safari/605.1.15","accept-language":"ko-kr","referer":"http://localhost:60000/","accept-encoding":"gzip, deflate"},"query":{"v":"7619177034"}},"res":{"_headers":{"x-powered-by":"Express","accept-ranges":"bytes","cache-control":"public, max-age=31536000","last-modified":"Sat, 26 Oct 1985 08:15:00 GMT","etag":"W/\"c38-7438674ba0\"","content-type":"application/javascript; charset=UTF-8","vary":"Accept-Encoding","content-encoding":"gzip"},"statusCode":200,"responseTime":"4ms"},"msg":"","time":"2021-03-17T13:04:50.230Z","v":0}
{"name":"Log","hostname":"fe59dd1e4da1","pid":1,"level":30,"req":{"meta":{"requestId":"93bbfd62-9d4f-4d2d-836a-18852fa115fb","userId":null},"url":"/api/site/","method":"GET","originalUrl":"/members/api/site/","params":{},"headers":{"host":"localhost:60000","content-type":"application/json","connection":"keep-alive","accept":"*/*","user-agent":"Mozilla/5.0 (Macintosh; Intel Mac OS X 10_15_6) AppleWebKit/605.1.15 (KHTML, like Gecko) Version/14.0.2 Safari/605.1.15","referer":"http://localhost:60000/","accept-language":"ko-kr","accept-encoding":"gzip, deflate"},"query":{}},"res":{"_headers":{"x-powered-by":"Express","access-control-allow-origin":"*","content-type":"application/json; charset=utf-8","content-length":"527","etag":"W/\"20f-OysebMHlOAEPITFiXNO5LXU74eA\"","vary":"Accept-Encoding"},"statusCode":200,"responseTime":"3ms"},"msg":"","time":"2021-03-17T13:04:51.657Z","v":0}
{"name":"Log","hostname":"fe59dd1e4da1","pid":1,"level":30,"req":{"meta":{"requestId":"4182fd58-b245-47c2-bd85-47e4447a1528","userId":null},"url":"/api/member/","method":"GET","originalUrl":"/members/api/member/","params":{},"headers":{"host":"localhost:60000","connection":"keep-alive","accept":"*/*","user-agent":"Mozilla/5.0 (Macintosh; Intel Mac OS X 10_15_6) AppleWebKit/605.1.15 (KHTML, like Gecko) Version/14.0.2 Safari/605.1.15","accept-language":"ko-kr","referer":"http://localhost:60000/","accept-encoding":"gzip, deflate"},"query":{}},"res":{"_headers":{"x-powered-by":"Express","access-control-allow-origin":"*"},"statusCode":401,"responseTime":"2ms"},"msg":"","time":"2021-03-17T13:04:51.663Z","v":0}
{"name":"Log","hostname":"fe59dd1e4da1","pid":1,"level":40,"msg":"Ghost is shutting down","time":"2021-03-17T13:04:57.379Z","v":0}
{"name":"Log","hostname":"fe59dd1e4da1","pid":1,"level":40,"msg":"Ghost has shut down","time":"2021-03-17T13:04:57.381Z","v":0}
{"name":"Log","hostname":"fe59dd1e4da1","pid":1,"level":40,"msg":"Your site is now offline","time":"2021-03-17T13:04:57.382Z","v":0}
{"name":"Log","hostname":"fe59dd1e4da1","pid":1,"level":40,"msg":"Ghost was running for a few seconds","time":"2021-03-17T13:04:57.383Z","v":0}
